2024-09-29 17:20:25,957 [INFO] Activator:176 - 


2024-09-29 17:20:25,961 [INFO] Activator:177 - !SESSION log4j initialized
2024-09-29 17:20:30,937 [INFO] LogOutputStream:77 - [STDOUT_REDIRECT] 
2024-09-29 17:20:33,183 [INFO] ApplicationProperties:184 - Using Application install path: C:\ST\STM32CubeIDE_1.16.0\STM32CubeIDE\plugins\com.st.stm32cube.common.mx_6.12.0.202406281431
2024-09-29 17:20:33,199 [INFO] DbMcusXml:78 - Set database path to: C:\ST\STM32CubeIDE_1.16.0\STM32CubeIDE\plugins\com.st.stm32cube.common.mx_6.12.0.202406281431\\db\/mcu/
2024-09-29 17:20:33,200 [INFO] ApiDb:274 - Set plugin database path to: C:\ST\STM32CubeIDE_1.16.0\STM32CubeIDE\plugins\com.st.stm32cube.common.mx_6.12.0.202406281431\\db\/plugins/boardmanager/
2024-09-29 17:20:33,200 [WARN] ApiDb:259 - Overriding images path with different value:  => C:\ST\STM32CubeIDE_1.16.0\STM32CubeIDE\plugins\com.st.stm32cube.common.mx_6.12.0.202406281431\\db\/plugins/mcufinder/images/
2024-09-29 17:20:33,211 [INFO] ApiDb:250 - Set database path to: C:\Users\asrol\.stmcufinder\plugins\mcufinder//mcu/
2024-09-29 17:20:33,211 [INFO] DbMcusAds:125 - Set database path to: C:\Users\asrol\.stmcufinder\plugins\mcufinder//mcu/
2024-09-29 17:20:33,214 [INFO] CrossReferenceDbSqlite:203 - Set database path to: C:\Users\asrol\.stmcufinder\plugins\mcufinder//mcu/cs/
2024-09-29 17:20:33,296 [INFO] RulesReader:64 - Compatibility file has been processed (297 Rules)
2024-09-29 17:20:33,364 [INFO] DbMcusXml:78 - Set database path to: C:\ST\STM32CubeIDE_1.16.0\STM32CubeIDE\plugins\com.st.stm32cube.common.mx_6.12.0.202406281431\\db\/mcu/
2024-09-29 17:20:33,364 [INFO] ApiDb:274 - Set plugin database path to: C:\ST\STM32CubeIDE_1.16.0\STM32CubeIDE\plugins\com.st.stm32cube.common.mx_6.12.0.202406281431\\db\/plugins/boardmanager/
2024-09-29 17:20:33,364 [INFO] ApiDb:261 - Set plugin images path to: C:\ST\STM32CubeIDE_1.16.0\STM32CubeIDE\plugins\com.st.stm32cube.common.mx_6.12.0.202406281431\\db\/plugins/mcufinder/images/
2024-09-29 17:20:33,364 [WARN] DbFile:41 - Overriding database path with different value: C:\Users\asrol\.stmcufinder\plugins\mcufinder/ => C:\Users\asrol\.stmcufinder\plugins\mcufinder
2024-09-29 17:20:33,364 [INFO] ApiDb:250 - Set database path to: C:\Users\asrol\.stmcufinder\plugins\mcufinder//mcu/
2024-09-29 17:20:33,364 [WARN] DbFile:41 - Overriding database path with different value: C:\Users\asrol\.stmcufinder\plugins\mcufinder/ => C:\Users\asrol\.stmcufinder\plugins\mcufinder
2024-09-29 17:20:33,364 [INFO] DbMcusAds:125 - Set database path to: C:\Users\asrol\.stmcufinder\plugins\mcufinder//mcu/
2024-09-29 17:20:33,364 [WARN] DbFile:41 - Overriding database path with different value: C:\Users\asrol\.stmcufinder\plugins\mcufinder/ => C:\Users\asrol\.stmcufinder\plugins\mcufinder
2024-09-29 17:20:33,364 [WARN] DbFile:41 - Overriding database path with different value: C:\Users\asrol\.stmcufinder\plugins\mcufinder/ => C:\Users\asrol\.stmcufinder\plugins\mcufinder
2024-09-29 17:20:33,364 [INFO] CrossReferenceDbSqlite:203 - Set database path to: C:\Users\asrol\.stmcufinder\plugins\mcufinder//mcu/cs/
2024-09-29 17:20:33,426 [INFO] MainPanel:268 - HeapMemory: 268435456
2024-09-29 17:20:33,509 [INFO] DbMcusXml:78 - Set database path to: C:\ST\STM32CubeIDE_1.16.0\STM32CubeIDE\plugins\com.st.stm32cube.common.mx_6.12.0.202406281431\\db\/mcu/
2024-09-29 17:20:33,509 [INFO] ApiDb:274 - Set plugin database path to: C:\ST\STM32CubeIDE_1.16.0\STM32CubeIDE\plugins\com.st.stm32cube.common.mx_6.12.0.202406281431\\db\/plugins/boardmanager/
2024-09-29 17:20:33,509 [INFO] ApiDb:261 - Set plugin images path to: C:\ST\STM32CubeIDE_1.16.0\STM32CubeIDE\plugins\com.st.stm32cube.common.mx_6.12.0.202406281431\\db\/plugins/mcufinder/images/
2024-09-29 17:20:33,509 [WARN] DbFile:41 - Overriding database path with different value: C:\Users\asrol\.stmcufinder\plugins\mcufinder/ => C:\Users\asrol\.stmcufinder\plugins\mcufinder
2024-09-29 17:20:33,509 [INFO] ApiDb:250 - Set database path to: C:\Users\asrol\.stmcufinder\plugins\mcufinder//mcu/
2024-09-29 17:20:33,509 [WARN] DbFile:41 - Overriding database path with different value: C:\Users\asrol\.stmcufinder\plugins\mcufinder/ => C:\Users\asrol\.stmcufinder\plugins\mcufinder
2024-09-29 17:20:33,509 [INFO] DbMcusAds:125 - Set database path to: C:\Users\asrol\.stmcufinder\plugins\mcufinder//mcu/
2024-09-29 17:20:33,509 [WARN] DbFile:41 - Overriding database path with different value: C:\Users\asrol\.stmcufinder\plugins\mcufinder/ => C:\Users\asrol\.stmcufinder\plugins\mcufinder
2024-09-29 17:20:33,509 [WARN] DbFile:41 - Overriding database path with different value: C:\Users\asrol\.stmcufinder\plugins\mcufinder/ => C:\Users\asrol\.stmcufinder\plugins\mcufinder
2024-09-29 17:20:33,509 [INFO] CrossReferenceDbSqlite:203 - Set database path to: C:\Users\asrol\.stmcufinder\plugins\mcufinder//mcu/cs/
2024-09-29 17:20:33,523 [INFO] ApplicationProperties:184 - Using Application install path: C:\ST\STM32CubeIDE_1.16.0\STM32CubeIDE\plugins\com.st.stm32cube.common.mx_6.12.0.202406281431
2024-09-29 17:20:33,524 [INFO] PluginManage:196 - Search for loadable plugins [exclusion list=, ]
2024-09-29 17:20:33,525 [INFO] PluginManage:310 - Check plugin analytics
2024-09-29 17:20:33,696 [INFO] AnalyticsPlugin:253 - Accepted Software Licenses: 
2024-09-29 17:20:33,696 [INFO] AnalyticsPlugin:255 - Accepted CMSIS Pack Licenses: 
2024-09-29 17:20:33,696 [INFO] AnalyticsPlugin:257 - Accepted Firmware Licenses: FW.F4.1.28.0
2024-09-29 17:20:33,700 [INFO] PluginManage:359 - Loaded plugin analytics (category:tool,tabindex:-1)
2024-09-29 17:20:33,700 [INFO] PluginManage:310 - Check plugin cadmodel
2024-09-29 17:20:33,710 [INFO] CADModel:105 - Init CAD model plugin
2024-09-29 17:20:33,710 [INFO] PluginManage:359 - Loaded plugin cadmodel (category:power,tabindex:5)
2024-09-29 17:20:33,710 [INFO] PluginManage:310 - Check plugin clock
2024-09-29 17:20:33,727 [INFO] PluginManage:359 - Loaded plugin clock (category:base,tabindex:2)
2024-09-29 17:20:33,727 [INFO] PluginManage:310 - Check plugin ddr
2024-09-29 17:20:33,732 [INFO] PluginManage:359 - Loaded plugin ddr (category:tool,tabindex:6)
2024-09-29 17:20:33,732 [INFO] PluginManage:310 - Check plugin filemanager
2024-09-29 17:20:33,920 [INFO] PluginManage:359 - Loaded plugin filemanager (category:base,tabindex:10)
2024-09-29 17:20:33,921 [INFO] PluginManage:310 - Check plugin ipmanager
2024-09-29 17:20:33,928 [INFO] PluginManage:359 - Loaded plugin ipmanager (category:base,tabindex:5)
2024-09-29 17:20:33,928 [INFO] PluginManage:310 - Check plugin lpbam
2024-09-29 17:20:33,934 [INFO] PluginManage:359 - Loaded plugin lpbam (category:base,tabindex:0)
2024-09-29 17:20:33,935 [INFO] PluginManage:310 - Check plugin memorymap
2024-09-29 17:20:33,945 [INFO] PluginManage:359 - Loaded plugin memorymap (category:base,tabindex:4)
2024-09-29 17:20:33,946 [INFO] PluginManage:310 - Check plugin pinoutandconfiguration
2024-09-29 17:20:33,953 [INFO] PluginManage:359 - Loaded plugin pinoutandconfiguration (category:base,tabindex:1)
2024-09-29 17:20:33,953 [INFO] PluginManage:310 - Check plugin pinoutconfig
2024-09-29 17:20:34,022 [WARN] SupportedApi:132 - Cannot load RTOS API schema: s4s-elt-must-match.1: The content of 'definitions' must match (annotation?, (simpleType | complexType)?, (unique | key | keyref)*)). A problem was found starting at: attribute.
2024-09-29 17:20:34,119 [INFO] PluginManage:359 - Loaded plugin pinoutconfig (category:base,tabindex:0)
2024-09-29 17:20:34,119 [INFO] PluginManage:310 - Check plugin power
2024-09-29 17:20:34,127 [INFO] PluginManage:359 - Loaded plugin power (category:power,tabindex:4)
2024-09-29 17:20:34,127 [INFO] PluginManage:310 - Check plugin projectmanager
2024-09-29 17:20:34,139 [INFO] PluginManage:359 - Loaded plugin projectmanager (category:projectmanager,tabindex:4)
2024-09-29 17:20:34,139 [INFO] PluginManage:310 - Check plugin rif
2024-09-29 17:20:34,145 [INFO] PluginManage:359 - Loaded plugin rif (category:base,tabindex:3)
2024-09-29 17:20:34,145 [INFO] PluginManage:310 - Check plugin thirdparty
2024-09-29 17:20:34,273 [WARN] IntegrityCheckThread:84 - waiting for thirdparty lock release [integrity check]
2024-09-29 17:20:34,273 [INFO] IntegrityCheckThread:86 - entering critical section [integrity check]
2024-09-29 17:20:34,274 [INFO] PluginManage:359 - Loaded plugin thirdparty (category:base,tabindex:-1)
2024-09-29 17:20:34,274 [INFO] PluginManage:310 - Check plugin tools
2024-09-29 17:20:34,274 [INFO] ThirdPartyUpdaterWithRetryManager:70 - Updater plugin not ready yet. [1/15]
2024-09-29 17:20:34,278 [INFO] PluginManage:359 - Loaded plugin tools (category:base,tabindex:7)
2024-09-29 17:20:34,278 [INFO] PluginManage:310 - Check plugin tutovideos
2024-09-29 17:20:34,422 [INFO] PluginManage:359 - Loaded plugin tutovideos (category:base,tabindex:-1)
2024-09-29 17:20:34,422 [INFO] PluginManage:310 - Check plugin updater
2024-09-29 17:20:34,436 [INFO] PluginManage:359 - Loaded plugin updater (category:base,tabindex:12)
2024-09-29 17:20:34,436 [INFO] PluginManage:310 - Check plugin userauth
2024-09-29 17:20:34,442 [INFO] UserAuth:113 - Init User Auth plugin
2024-09-29 17:20:34,442 [INFO] PluginManage:359 - Loaded plugin userauth (category:base,tabindex:14)
2024-09-29 17:20:34,443 [INFO] PluginManage:283 - PluginManage : Loaded plugins [18]
2024-09-29 17:20:34,618 [INFO] PinOutPanel:1561 - setPackage(No Configuration,No Configuration)
2024-09-29 17:20:34,689 [INFO] CADModel:165 - CPN selected for project level
2024-09-29 17:20:34,689 [INFO] CADModel:114 - Register for checkConnection events
2024-09-29 17:20:34,703 [INFO] IPUIPlugin:80 - create IPUIPlugin
2024-09-29 17:20:34,703 [INFO] PluginManager:220 - loadIPPluginJar : add adc
2024-09-29 17:20:34,706 [INFO] IPUIPlugin:80 - create IPUIPlugin
2024-09-29 17:20:34,706 [INFO] PluginManager:220 - loadIPPluginJar : add aes
2024-09-29 17:20:34,708 [INFO] IPUIPlugin:80 - create IPUIPlugin
2024-09-29 17:20:34,708 [INFO] PluginManager:220 - loadIPPluginJar : add can
2024-09-29 17:20:34,710 [INFO] IPUIPlugin:80 - create IPUIPlugin
2024-09-29 17:20:34,710 [INFO] PluginManager:220 - loadIPPluginJar : add comp
2024-09-29 17:20:34,712 [INFO] IPUIPlugin:80 - create IPUIPlugin
2024-09-29 17:20:34,712 [INFO] PluginManager:220 - loadIPPluginJar : add cryp
2024-09-29 17:20:34,714 [INFO] IPUIPlugin:80 - create IPUIPlugin
2024-09-29 17:20:34,714 [INFO] PluginManager:220 - loadIPPluginJar : add ddr_ctrl_phy
2024-09-29 17:20:34,716 [INFO] IPUIPlugin:80 - create IPUIPlugin
2024-09-29 17:20:34,716 [INFO] PluginManager:220 - loadIPPluginJar : add dfsdm
2024-09-29 17:20:34,720 [INFO] IPUIPlugin:80 - create IPUIPlugin
2024-09-29 17:20:34,720 [INFO] PluginManager:220 - loadIPPluginJar : add dma
2024-09-29 17:20:34,722 [INFO] IPUIPlugin:80 - create IPUIPlugin
2024-09-29 17:20:34,722 [INFO] PluginManager:220 - loadIPPluginJar : add dma3
2024-09-29 17:20:34,724 [INFO] IPUIPlugin:80 - create IPUIPlugin
2024-09-29 17:20:34,724 [INFO] PluginManager:220 - loadIPPluginJar : add extmemmanager
2024-09-29 17:20:34,725 [INFO] IPUIPlugin:80 - create IPUIPlugin
2024-09-29 17:20:34,725 [INFO] PluginManager:220 - loadIPPluginJar : add fatfs
2024-09-29 17:20:34,728 [INFO] IPUIPlugin:80 - create IPUIPlugin
2024-09-29 17:20:34,728 [INFO] PluginManager:220 - loadIPPluginJar : add fmc
2024-09-29 17:20:34,732 [INFO] IPUIPlugin:80 - create IPUIPlugin
2024-09-29 17:20:34,733 [INFO] PluginManager:220 - loadIPPluginJar : add freertos
2024-09-29 17:20:34,734 [INFO] IPUIPlugin:80 - create IPUIPlugin
2024-09-29 17:20:34,734 [INFO] PluginManager:220 - loadIPPluginJar : add genericplugin
2024-09-29 17:20:34,735 [INFO] IPUIPlugin:80 - create IPUIPlugin
2024-09-29 17:20:34,735 [INFO] PluginManager:220 - loadIPPluginJar : add gfxmmu
2024-09-29 17:20:34,739 [INFO] IPUIPlugin:80 - create IPUIPlugin
2024-09-29 17:20:34,739 [INFO] PluginManager:220 - loadIPPluginJar : add gic
2024-09-29 17:20:34,742 [INFO] IPUIPlugin:80 - create IPUIPlugin
2024-09-29 17:20:34,742 [INFO] PluginManager:220 - loadIPPluginJar : add gpio
2024-09-29 17:20:34,743 [INFO] IPUIPlugin:80 - create IPUIPlugin
2024-09-29 17:20:34,743 [INFO] PluginManager:220 - loadIPPluginJar : add gtzc
2024-09-29 17:20:34,745 [INFO] IPUIPlugin:80 - create IPUIPlugin
2024-09-29 17:20:34,745 [INFO] PluginManager:220 - loadIPPluginJar : add hash
2024-09-29 17:20:34,747 [INFO] IPUIPlugin:80 - create IPUIPlugin
2024-09-29 17:20:34,747 [INFO] PluginManager:220 - loadIPPluginJar : add i2c
2024-09-29 17:20:34,749 [INFO] IPUIPlugin:80 - create IPUIPlugin
2024-09-29 17:20:34,750 [INFO] PluginManager:220 - loadIPPluginJar : add i2s
2024-09-29 17:20:34,752 [INFO] IPUIPlugin:80 - create IPUIPlugin
2024-09-29 17:20:34,752 [INFO] PluginManager:220 - loadIPPluginJar : add i3c
2024-09-29 17:20:34,754 [INFO] IPUIPlugin:80 - create IPUIPlugin
2024-09-29 17:20:34,755 [INFO] PluginManager:220 - loadIPPluginJar : add ipddr
2024-09-29 17:20:34,760 [INFO] IPUIPlugin:80 - create IPUIPlugin
2024-09-29 17:20:34,760 [INFO] PluginManager:220 - loadIPPluginJar : add linkedlist
2024-09-29 17:20:34,762 [INFO] IPUIPlugin:80 - create IPUIPlugin
2024-09-29 17:20:34,762 [INFO] PluginManager:220 - loadIPPluginJar : add lorawan
2024-09-29 17:20:34,763 [INFO] IPUIPlugin:80 - create IPUIPlugin
2024-09-29 17:20:34,763 [INFO] PluginManager:220 - loadIPPluginJar : add ltdc
2024-09-29 17:20:34,767 [INFO] IPUIPlugin:80 - create IPUIPlugin
2024-09-29 17:20:34,767 [INFO] PluginManager:220 - loadIPPluginJar : add mdma
2024-09-29 17:20:34,770 [INFO] IPUIPlugin:80 - create IPUIPlugin
2024-09-29 17:20:34,770 [INFO] PluginManager:220 - loadIPPluginJar : add nvic
2024-09-29 17:20:34,772 [INFO] IPUIPlugin:80 - create IPUIPlugin
2024-09-29 17:20:34,772 [INFO] PluginManager:220 - loadIPPluginJar : add opamp
2024-09-29 17:20:34,775 [INFO] IPUIPlugin:80 - create IPUIPlugin
2024-09-29 17:20:34,775 [INFO] PluginManager:220 - loadIPPluginJar : add openamp
2024-09-29 17:20:34,777 [INFO] IPUIPlugin:80 - create IPUIPlugin
2024-09-29 17:20:34,777 [INFO] PluginManager:220 - loadIPPluginJar : add pdm2pcm
2024-09-29 17:20:34,781 [INFO] IPUIPlugin:80 - create IPUIPlugin
2024-09-29 17:20:34,783 [INFO] PluginManager:220 - loadIPPluginJar : add plateformsettings
2024-09-29 17:20:34,785 [INFO] IPUIPlugin:80 - create IPUIPlugin
2024-09-29 17:20:34,785 [INFO] PluginManager:220 - loadIPPluginJar : add quadspi
2024-09-29 17:20:34,787 [INFO] IPUIPlugin:80 - create IPUIPlugin
2024-09-29 17:20:34,787 [INFO] PluginManager:220 - loadIPPluginJar : add radio
2024-09-29 17:20:34,792 [INFO] IPUIPlugin:80 - create IPUIPlugin
2024-09-29 17:20:34,792 [INFO] PluginManager:220 - loadIPPluginJar : add resmgrutility
2024-09-29 17:20:34,794 [INFO] IPUIPlugin:80 - create IPUIPlugin
2024-09-29 17:20:34,794 [INFO] PluginManager:220 - loadIPPluginJar : add sai
2024-09-29 17:20:34,796 [INFO] IPUIPlugin:80 - create IPUIPlugin
2024-09-29 17:20:34,796 [INFO] PluginManager:220 - loadIPPluginJar : add spi
2024-09-29 17:20:34,801 [INFO] IPUIPlugin:80 - create IPUIPlugin
2024-09-29 17:20:34,801 [INFO] PluginManager:220 - loadIPPluginJar : add stm32_wpan
2024-09-29 17:20:34,803 [INFO] IPUIPlugin:80 - create IPUIPlugin
2024-09-29 17:20:34,803 [INFO] PluginManager:220 - loadIPPluginJar : add tim
2024-09-29 17:20:34,806 [INFO] IPUIPlugin:80 - create IPUIPlugin
2024-09-29 17:20:34,806 [INFO] PluginManager:220 - loadIPPluginJar : add touchsensing
2024-09-29 17:20:34,809 [INFO] IPUIPlugin:80 - create IPUIPlugin
2024-09-29 17:20:34,809 [INFO] PluginManager:220 - loadIPPluginJar : add tracer_emb
2024-09-29 17:20:34,811 [INFO] IPUIPlugin:80 - create IPUIPlugin
2024-09-29 17:20:34,811 [INFO] PluginManager:220 - loadIPPluginJar : add ts
2024-09-29 17:20:34,812 [INFO] IPUIPlugin:80 - create IPUIPlugin
2024-09-29 17:20:34,812 [INFO] PluginManager:220 - loadIPPluginJar : add tsc
2024-09-29 17:20:34,814 [INFO] IPUIPlugin:80 - create IPUIPlugin
2024-09-29 17:20:34,814 [INFO] PluginManager:220 - loadIPPluginJar : add ucpd
2024-09-29 17:20:34,816 [INFO] IPUIPlugin:80 - create IPUIPlugin
2024-09-29 17:20:34,816 [INFO] PluginManager:220 - loadIPPluginJar : add usart
2024-09-29 17:20:34,818 [INFO] IPUIPlugin:80 - create IPUIPlugin
2024-09-29 17:20:34,819 [INFO] PluginManager:220 - loadIPPluginJar : add usbx
2024-09-29 17:20:34,930 [INFO] CADModel:165 - CPN selected for project level
2024-09-29 17:20:34,930 [INFO] CADModel:114 - Register for checkConnection events
2024-09-29 17:20:34,930 [FATAL] Updater:334 - Updater called before beeing initialized
2024-09-29 17:20:34,930 [ERROR] CADModel:125 - Updater not yet initialized, retry later 
2024-09-29 17:20:35,034 [INFO] CADModel:165 - CPN selected for project level
2024-09-29 17:20:35,035 [INFO] CADModel:114 - Register for checkConnection events
2024-09-29 17:20:35,035 [FATAL] Updater:334 - Updater called before beeing initialized
2024-09-29 17:20:35,035 [ERROR] CADModel:125 - Updater not yet initialized, retry later 
2024-09-29 17:20:35,037 [FATAL] Updater:334 - Updater called before beeing initialized
2024-09-29 17:20:35,118 [FATAL] Updater:334 - Updater called before beeing initialized
2024-09-29 17:20:35,124 [INFO] DbMcusAds:53 - JSON generation date=Fri Sep 20 07:04:23 CST 2024 (1726837463113)
2024-09-29 17:20:35,124 [FATAL] Updater:334 - Updater called before beeing initialized
2024-09-29 17:20:35,151 [WARN] DetailPanel:346 - Failed to get advertising image, set to default
2024-09-29 17:20:35,247 [FATAL] Updater:334 - Updater called before beeing initialized
2024-09-29 17:20:35,250 [FATAL] Updater:334 - Updater called before beeing initialized
2024-09-29 17:20:35,250 [FATAL] Updater:334 - Updater called before beeing initialized
2024-09-29 17:20:35,250 [WARN] DetailPanel:346 - Failed to get advertising image, set to default
2024-09-29 17:20:35,251 [FATAL] Updater:334 - Updater called before beeing initialized
2024-09-29 17:20:35,289 [ERROR] Updater:1164 - MainUpdater not yet initialized. External WinMGr cannot be set.
2024-09-29 17:20:35,291 [INFO] Updater:1100 - Updater Version found : 6.12.0
2024-09-29 17:20:35,304 [INFO] ApplicationProperties:184 - Using Application install path: C:\ST\STM32CubeIDE_1.16.0\STM32CubeIDE\plugins\com.st.stm32cube.common.mx_6.12.0.202406281431
2024-09-29 17:20:36,878 [ERROR] LogOutputStream:75 - [STDERR_REDIRECT] Sep 29, 2024 5:20:36 PM java.util.prefs.WindowsPreferences <init>
2024-09-29 17:20:36,878 [ERROR] LogOutputStream:75 - [STDERR_REDIRECT] WARNING: Could not open/create prefs root node Software\JavaSoft\Prefs at root 0xffffffff80000002. Windows RegCreateKeyEx(...) returned error code 5.
2024-09-29 17:20:36,878 [ERROR] LogOutputStream:75 - [STDERR_REDIRECT] 
2024-09-29 17:20:37,239 [INFO] MainUpdater:2873 - connection check result : 10
2024-09-29 17:20:37,239 [INFO] MainUpdater:290 - Updater Check For Update Now.
2024-09-29 17:20:37,239 [INFO] MicroXplorer:498 - Change Database Version : DB.6.0.120
2024-09-29 17:20:37,244 [INFO] McuFinderGlobals:63 - Set McuFinder mode to 2 (CubeIDE integrated)
2024-09-29 17:20:37,246 [INFO] UserAuth:417 - Internet connection configuration mode: 1
2024-09-29 17:20:37,275 [WARN] MainUpdater:1194 - Updater busy. Cannot search thirdparties
2024-09-29 17:20:37,275 [INFO] ThirdPartyUpdaterWithRetryManager:96 - Updater plugin is busy. [1/15]
2024-09-29 17:20:37,286 [INFO] JxBrowserEngine:152 - Initiate JxBrowser Engine with user profile folder
2024-09-29 17:20:37,405 [INFO] CheckServerUpdateThread:120 - End of CheckServer Thread
2024-09-29 17:20:38,144 [INFO] WebApp:167 - Instantiating new browser for Auth
2024-09-29 17:20:38,689 [INFO] WebApp:448 - Apply proxy settings
2024-09-29 17:20:38,689 [INFO] WebApp:533 - Chromium requires no authentication
2024-09-29 17:20:38,697 [INFO] WebApp:476 - Direct internet connection detected
2024-09-29 17:20:38,718 [INFO] WebApp:869 - Register for checkConnection events
2024-09-29 17:20:38,718 [INFO] WebApp:448 - Apply proxy settings
2024-09-29 17:20:38,718 [INFO] WebApp:533 - Chromium requires no authentication
2024-09-29 17:20:38,719 [INFO] WebApp:476 - Direct internet connection detected
2024-09-29 17:20:38,872 [INFO] WebApp:220 - Starting web application
2024-09-29 17:20:38,872 [INFO] WebApp:578 - Web application path used C:\ST\STM32CubeIDE_1.16.0\STM32CubeIDE\plugins\com.st.stm32cube.common.mx_6.12.0.202406281431\db\plugins\mcufinder\reactClient1\index.html
2024-09-29 17:20:38,992 [INFO] UserAuth:417 - Internet connection configuration mode: 1
2024-09-29 17:20:39,079 [INFO] WebApp:186 - Connection restablished
2024-09-29 17:20:40,494 [WARN] PackLoader:240 - Cannot read IP mode file for STMicroelectronics.FP-SNS-MOTENVWB1.1.4.0
2024-09-29 17:20:40,508 [WARN] PackLoader:240 - Cannot read IP mode file for STMicroelectronics.X-CUBE-SMBUS.2.1.0
2024-09-29 17:20:40,537 [WARN] PackLoader:240 - Cannot read IP mode file for STMicroelectronics.X-CUBE-AZRTOS-F7.1.1.0
2024-09-29 17:20:40,617 [WARN] PackLoader:240 - Cannot read IP mode file for STMicroelectronics.X-CUBE-MEMS1.11.0.0
2024-09-29 17:20:40,789 [WARN] PackLoader:240 - Cannot read IP mode file for STMicroelectronics.FP-SNS-FLIGHT1.5.0.2
2024-09-29 17:20:40,811 [WARN] PackLoader:240 - Cannot read IP mode file for STMicroelectronics.X-CUBE-DISPLAY.3.0.0
2024-09-29 17:20:40,853 [WARN] PackLoader:240 - Cannot read IP mode file for STMicroelectronics.X-CUBE-BLE1.7.0.0
2024-09-29 17:20:40,864 [WARN] PackLoader:240 - Cannot read IP mode file for STMicroelectronics.X-CUBE-NFC10.1.0.0
2024-09-29 17:20:40,879 [WARN] PackLoader:240 - Cannot read IP mode file for emotas.I-CUBE-CANOPEN.1.3.0
2024-09-29 17:20:40,897 [WARN] PackLoader:240 - Cannot read IP mode file for STMicroelectronics.X-CUBE-BLEMGR.3.1.0
2024-09-29 17:20:40,910 [WARN] PackLoader:240 - Cannot read IP mode file for STMicroelectronics.FP-SNS-SMARTAG2.1.2.0
2024-09-29 17:20:40,926 [INFO] LogOutputStream:77 - [STDOUT_REDIRECT] 1 : Invalid condition id : UX_CORESTACK_Condition cause : null
2024-09-29 17:20:40,928 [INFO] LogOutputStream:77 - [STDOUT_REDIRECT] 1 : Invalid condition id : UX_CORESTACK_Condition cause : null
2024-09-29 17:20:40,930 [INFO] LogOutputStream:77 - [STDOUT_REDIRECT] 1 : Invalid condition id : UX_CORESTACK_Condition cause : null
2024-09-29 17:20:40,933 [INFO] LogOutputStream:77 - [STDOUT_REDIRECT] 1 : Invalid condition id : UX_CORESTACK_Condition cause : null
2024-09-29 17:20:40,934 [INFO] LogOutputStream:77 - [STDOUT_REDIRECT] 1 : Invalid condition id : UX_CORESTACK_Condition cause : null
2024-09-29 17:20:40,940 [WARN] PackLoader:240 - Cannot read IP mode file for STMicroelectronics.X-CUBE-AZRTOS-WL.2.0.0
2024-09-29 17:20:40,953 [WARN] PackLoader:240 - Cannot read IP mode file for STMicroelectronics.FP-SNS-MOTENV1.5.0.0
2024-09-29 17:20:40,962 [WARN] PackLoader:240 - Cannot read IP mode file for wolfSSL.I-CUBE-wolfMQTT.1.19.0
2024-09-29 17:20:40,980 [WARN] PackLoader:240 - Cannot read IP mode file for WES.I-CUBE-Cesium.1.3.0
2024-09-29 17:20:40,990 [WARN] PackLoader:240 - Cannot read IP mode file for STMicroelectronics.X-CUBE-BLE2.3.3.0
2024-09-29 17:20:41,004 [WARN] PackLoader:240 - Cannot read IP mode file for STMicroelectronics.X-CUBE-NFC9.1.0.0
2024-09-29 17:20:41,020 [WARN] PackLoader:240 - Cannot read IP mode file for STMicroelectronics.X-CUBE-TCPP.4.1.0
2024-09-29 17:20:41,041 [WARN] PackLoader:240 - Cannot read IP mode file for STMicroelectronics.X-CUBE-AZRTOS-G0.1.1.0
2024-09-29 17:20:41,057 [WARN] PackLoader:240 - Cannot read IP mode file for STMicroelectronics.X-CUBE-SAFEA1.1.2.2
2024-09-29 17:20:41,071 [WARN] PackLoader:240 - Cannot read IP mode file for STMicroelectronics.X-CUBE-NFC4.3.0.0
2024-09-29 17:20:41,095 [WARN] PackLoader:240 - Cannot read IP mode file for EmbeddedOffice.I-CUBE-FS-RTOS.1.0.1
2024-09-29 17:20:41,096 [ERROR] ConditionMgr:805 - Attr not supported : Dmpu
2024-09-29 17:20:41,096 [ERROR] ConditionMgr:805 - Attr not supported : Dmpu
2024-09-29 17:20:41,096 [ERROR] ConditionMgr:805 - Attr not supported : Dmpu
2024-09-29 17:20:41,096 [ERROR] ConditionMgr:805 - Attr not supported : Dmpu
2024-09-29 17:20:41,096 [ERROR] ConditionMgr:805 - Attr not supported : Dmpu
2024-09-29 17:20:41,097 [ERROR] ConditionMgr:805 - Attr not supported : Dmpu
2024-09-29 17:20:41,097 [ERROR] ConditionMgr:805 - Attr not supported : Dmpu
2024-09-29 17:20:41,097 [ERROR] ConditionMgr:805 - Attr not supported : Dmpu
2024-09-29 17:20:41,097 [ERROR] ConditionMgr:805 - Attr not supported : Dmpu
2024-09-29 17:20:41,097 [ERROR] ConditionMgr:805 - Attr not supported : Dmpu
2024-09-29 17:20:41,098 [ERROR] ConditionMgr:805 - Attr not supported : Dmpu
2024-09-29 17:20:41,098 [ERROR] ConditionMgr:805 - Attr not supported : Dmpu
2024-09-29 17:20:41,098 [ERROR] ConditionMgr:805 - Attr not supported : Dmpu
2024-09-29 17:20:41,098 [ERROR] ConditionMgr:805 - Attr not supported : Dmpu
2024-09-29 17:20:41,098 [ERROR] ConditionMgr:805 - Attr not supported : Dmpu
2024-09-29 17:20:41,098 [ERROR] ConditionMgr:805 - Attr not supported : Dmpu
2024-09-29 17:20:41,098 [ERROR] ConditionMgr:805 - Attr not supported : Dmpu
2024-09-29 17:20:41,098 [ERROR] ConditionMgr:805 - Attr not supported : Dmpu
2024-09-29 17:20:41,099 [ERROR] ConditionMgr:805 - Attr not supported : Dmpu
2024-09-29 17:20:41,099 [ERROR] ConditionMgr:805 - Attr not supported : Dmpu
2024-09-29 17:20:41,099 [ERROR] ConditionMgr:805 - Attr not supported : Dmpu
2024-09-29 17:20:41,099 [ERROR] ConditionMgr:805 - Attr not supported : Dmpu
2024-09-29 17:20:41,099 [ERROR] ConditionMgr:805 - Attr not supported : Dmpu
2024-09-29 17:20:41,099 [ERROR] ConditionMgr:805 - Attr not supported : Dmpu
2024-09-29 17:20:41,099 [ERROR] ConditionMgr:805 - Attr not supported : Dmpu
2024-09-29 17:20:41,099 [ERROR] ConditionMgr:805 - Attr not supported : Dmpu
2024-09-29 17:20:41,099 [ERROR] ConditionMgr:805 - Attr not supported : Dmpu
2024-09-29 17:20:41,099 [ERROR] ConditionMgr:805 - Attr not supported : Dmpu
2024-09-29 17:20:41,099 [ERROR] ConditionMgr:805 - Attr not supported : Dmpu
2024-09-29 17:20:41,099 [ERROR] ConditionMgr:805 - Attr not supported : Dmpu
2024-09-29 17:20:41,099 [ERROR] ConditionMgr:805 - Attr not supported : Dmpu
2024-09-29 17:20:41,099 [ERROR] ConditionMgr:805 - Attr not supported : Dmpu
2024-09-29 17:20:41,099 [ERROR] ConditionMgr:805 - Attr not supported : Dmpu
2024-09-29 17:20:41,099 [ERROR] ConditionMgr:805 - Attr not supported : Dmpu
2024-09-29 17:20:41,099 [ERROR] ConditionMgr:805 - Attr not supported : Dmpu
2024-09-29 17:20:41,100 [ERROR] ConditionMgr:805 - Attr not supported : Dmpu
2024-09-29 17:20:41,100 [ERROR] ConditionMgr:805 - Attr not supported : Dmpu
2024-09-29 17:20:41,100 [ERROR] ConditionMgr:805 - Attr not supported : Dmpu
2024-09-29 17:20:41,100 [ERROR] ConditionMgr:805 - Attr not supported : Dmpu
2024-09-29 17:20:41,100 [ERROR] ConditionMgr:805 - Attr not supported : Dmpu
2024-09-29 17:20:41,100 [ERROR] ConditionMgr:805 - Attr not supported : Dmpu
2024-09-29 17:20:41,100 [ERROR] ConditionMgr:805 - Attr not supported : Dmpu
2024-09-29 17:20:41,101 [ERROR] ConditionMgr:805 - Attr not supported : Dmpu
2024-09-29 17:20:41,101 [ERROR] ConditionMgr:805 - Attr not supported : Dmpu
2024-09-29 17:20:41,101 [ERROR] ConditionMgr:805 - Attr not supported : Dmpu
2024-09-29 17:20:41,101 [ERROR] ConditionMgr:805 - Attr not supported : Dmpu
2024-09-29 17:20:41,101 [ERROR] ConditionMgr:805 - Attr not supported : Dmpu
2024-09-29 17:20:41,101 [ERROR] ConditionMgr:805 - Attr not supported : Dmpu
2024-09-29 17:20:41,101 [ERROR] ConditionMgr:805 - Attr not supported : Dmpu
2024-09-29 17:20:41,101 [ERROR] ConditionMgr:805 - Attr not supported : Dmpu
2024-09-29 17:20:41,101 [ERROR] ConditionMgr:805 - Attr not supported : Dmpu
2024-09-29 17:20:41,101 [ERROR] ConditionMgr:805 - Attr not supported : Dmpu
2024-09-29 17:20:41,101 [ERROR] ConditionMgr:805 - Attr not supported : Dmpu
2024-09-29 17:20:41,101 [ERROR] ConditionMgr:805 - Attr not supported : Dmpu
2024-09-29 17:20:41,102 [ERROR] ConditionMgr:805 - Attr not supported : Dmpu
2024-09-29 17:20:41,102 [ERROR] ConditionMgr:805 - Attr not supported : Dmpu
2024-09-29 17:20:41,102 [ERROR] ConditionMgr:805 - Attr not supported : Dmpu
2024-09-29 17:20:41,102 [ERROR] ConditionMgr:805 - Attr not supported : Dmpu
2024-09-29 17:20:41,102 [ERROR] ConditionMgr:805 - Attr not supported : Dmpu
2024-09-29 17:20:41,102 [ERROR] ConditionMgr:805 - Attr not supported : Dmpu
2024-09-29 17:20:41,102 [ERROR] ConditionMgr:805 - Attr not supported : Dmpu
2024-09-29 17:20:41,102 [ERROR] ConditionMgr:805 - Attr not supported : Dmpu
2024-09-29 17:20:41,102 [ERROR] ConditionMgr:805 - Attr not supported : Dmpu
2024-09-29 17:20:41,103 [ERROR] ConditionMgr:805 - Attr not supported : Dmpu
2024-09-29 17:20:41,113 [WARN] PackLoader:240 - Cannot read IP mode file for RealThread.X-CUBE-RT-Thread_Nano.4.1.1
2024-09-29 17:20:41,122 [WARN] PackLoader:240 - Cannot read IP mode file for STMicroelectronics.FP-ATR-SIGFOX1.3.2.0
2024-09-29 17:20:41,132 [WARN] PackLoader:240 - Cannot read IP mode file for wolfSSL.I-CUBE-wolfSSL.5.7.2
2024-09-29 17:20:41,145 [WARN] PackLoader:240 - Cannot read IP mode file for STMicroelectronics.X-CUBE-EEPRMA1.5.1.0
2024-09-29 17:20:41,156 [WARN] PackLoader:240 - Cannot read IP mode file for ITTIA_DB.I-CUBE-ITTIADB.8.9.0
2024-09-29 17:20:41,209 [WARN] PackLoader:240 - Cannot read IP mode file for SEGGER.I-CUBE-embOS.1.3.1
2024-09-29 17:20:41,330 [WARN] PackLoader:240 - Cannot read IP mode file for STMicroelectronics.X-CUBE-ALGOBUILD.1.4.0
2024-09-29 17:20:41,348 [WARN] PackLoader:240 - Cannot read IP mode file for STMicroelectronics.X-CUBE-GNSS1.6.0.0
2024-09-29 17:20:41,375 [WARN] PackLoader:240 - Cannot read IP mode file for STMicroelectronics.X-CUBE-AZRTOS-F4.1.1.0
2024-09-29 17:20:41,387 [WARN] PackLoader:240 - Cannot read IP mode file for STMicroelectronics.X-CUBE-ISPU.2.1.0
2024-09-29 17:20:41,400 [WARN] PackLoader:240 - Cannot read IP mode file for STMicroelectronics.X-CUBE-FREERTOS.1.2.0
2024-09-29 17:20:41,423 [WARN] PackLoader:240 - Cannot read IP mode file for STMicroelectronics.X-CUBE-AZRTOS-L5.2.0.0
2024-09-29 17:20:41,440 [WARN] PackLoader:240 - Cannot read IP mode file for STMicroelectronics.X-CUBE-NFC6.3.1.0
2024-09-29 17:20:41,453 [WARN] PackLoader:240 - Cannot read IP mode file for STMicroelectronics.X-CUBE-DPower.1.2.0
2024-09-29 17:20:41,463 [WARN] PackLoader:240 - Cannot read IP mode file for STMicroelectronics.X-CUBE-AI.9.0.0
2024-09-29 17:20:41,475 [WARN] PackLoader:240 - Cannot read IP mode file for STMicroelectronics.X-CUBE-NFC7.1.0.1
2024-09-29 17:20:41,502 [WARN] ConditionMgr:438 - getConditionDescription Invalid condition id : LAN8742 Phy interface Condition cause : null
2024-09-29 17:20:41,503 [WARN] PackLoader:240 - Cannot read IP mode file for STMicroelectronics.X-CUBE-AZRTOS-L4.2.0.0
2024-09-29 17:20:41,505 [WARN] ConditionMgr:1039 - genDependencies : Invalid condition id : LAN8742 Phy interface Condition cause : null
2024-09-29 17:20:41,506 [WARN] ConditionMgr:1039 - genDependencies : Invalid condition id : LAN8742 Phy interface Condition cause : null
2024-09-29 17:20:41,507 [WARN] ConditionMgr:1039 - genDependencies : Invalid condition id : LAN8742 Phy interface Condition cause : null
2024-09-29 17:20:41,517 [WARN] PackLoader:240 - Cannot read IP mode file for STMicroelectronics.X-CUBE-SFXS2LP1.4.0.0
2024-09-29 17:20:41,545 [WARN] PackLoader:240 - Cannot read IP mode file for STMicroelectronics.X-CUBE-AZRTOS-H7.3.3.0
2024-09-29 17:20:41,565 [WARN] ConditionMgr:438 - getConditionDescription Invalid condition id : UX DEVICE CLASS RTOS Condition cause : null
2024-09-29 17:20:41,566 [WARN] ConditionMgr:438 - getConditionDescription Invalid condition id : UX DEVICE CLASS RTOS Condition cause : null
2024-09-29 17:20:41,568 [WARN] PackLoader:240 - Cannot read IP mode file for STMicroelectronics.X-CUBE-AZRTOS-WB.2.0.0
2024-09-29 17:20:41,569 [WARN] ConditionMgr:1039 - genDependencies : Invalid condition id : UX DEVICE CLASS RTOS Condition cause : null
2024-09-29 17:20:41,569 [WARN] ConditionMgr:1039 - genDependencies : Invalid condition id : UX DEVICE CLASS RTOS Condition cause : null
2024-09-29 17:20:41,570 [WARN] ConditionMgr:1039 - genDependencies : Invalid condition id : UX DEVICE CLASS RTOS Condition cause : null
2024-09-29 17:20:41,570 [WARN] ConditionMgr:1039 - genDependencies : Invalid condition id : UX DEVICE CLASS RTOS Condition cause : null
2024-09-29 17:20:41,570 [WARN] ConditionMgr:1039 - genDependencies : Invalid condition id : UX DEVICE CLASS RTOS Condition cause : null
2024-09-29 17:20:41,579 [WARN] PackLoader:240 - Cannot read IP mode file for STMicroelectronics.X-CUBE-GNSS1.7.0.0
2024-09-29 17:20:41,594 [WARN] PackLoader:240 - Cannot read IP mode file for STMicroelectronics.FP-SNS-STBOX1.2.0.0
2024-09-29 17:20:41,616 [WARN] PackLoader:240 - Cannot read IP mode file for STMicroelectronics.X-CUBE-SUBG2.5.0.0
2024-09-29 17:20:41,637 [WARN] PackLoader:240 - Cannot read IP mode file for Cesanta.I-CUBE-Mongoose.7.13.0
2024-09-29 17:20:41,659 [WARN] PackLoader:240 - Cannot read IP mode file for STMicroelectronics.X-CUBE-AZRTOS-G4.2.0.0
2024-09-29 17:20:41,679 [WARN] PackLoader:240 - Cannot read IP mode file for STMicroelectronics.X-CUBE-ISPU.2.0.0
2024-09-29 17:20:41,690 [WARN] PackLoader:240 - Cannot read IP mode file for STMicroelectronics.X-CUBE-ALS.1.0.2
2024-09-29 17:20:41,702 [WARN] PackLoader:240 - Cannot read IP mode file for STMicroelectronics.X-CUBE-TOUCHGFX.4.24.0
2024-09-29 17:20:41,710 [WARN] PackLoader:240 - Cannot read IP mode file for STMicroelectronics.X-CUBE-TOUCHGFX.4.24.1
2024-09-29 17:20:41,718 [WARN] PackLoader:240 - Cannot read IP mode file for wolfSSL.I-CUBE-wolfTPM.3.4.0
2024-09-29 17:20:41,727 [WARN] PackLoader:240 - Cannot read IP mode file for portGmbH.I-Cube-SoM-uGOAL.1.1.0
2024-09-29 17:20:41,750 [WARN] PackLoader:240 - Cannot read IP mode file for STMicroelectronics.X-CUBE-AZRTOS-H7RS.1.0.0
2024-09-29 17:20:41,760 [WARN] PackLoader:240 - Cannot read IP mode file for STMicroelectronics.FP-ATR-ASTRA1.2.0.0
2024-09-29 17:20:41,774 [WARN] PackLoader:240 - Cannot read IP mode file for STMicroelectronics.X-CUBE-TOF1.3.4.2
2024-09-29 17:20:41,807 [WARN] PackLoader:240 - Cannot read IP mode file for Infineon.AIROC-Wi-Fi-Bluetooth-STM32.1.6.1
2024-09-29 17:20:41,818 [WARN] PackLoader:240 - Cannot read IP mode file for wolfSSL.I-CUBE-wolfSSH.1.4.17
2024-09-29 17:20:41,819 [INFO] ThirdParty:978 - Integrity check success = true
2024-09-29 17:20:41,819 [INFO] IntegrityCheckThread:100 - exiting critical section [integrity check]
2024-09-29 17:20:41,819 [INFO] IntegrityCheckThread:103 - End integrity checks thread
2024-09-29 21:08:38,295 [INFO] WebApp:189 - Connection lost
2024-09-29 21:13:47,812 [INFO] WebApp:186 - Connection restablished
2024-09-29 21:14:43,161 [INFO] WebApp:189 - Connection lost
2024-09-29 21:18:13,934 [INFO] WebApp:186 - Connection restablished
2024-09-29 21:18:17,871 [INFO] WebApp:189 - Connection lost
2024-09-29 21:18:18,299 [INFO] WebApp:186 - Connection restablished
2024-09-29 21:18:54,360 [INFO] WebApp:189 - Connection lost
2024-09-29 21:18:54,644 [INFO] WebApp:186 - Connection restablished
2024-09-29 21:18:58,868 [INFO] WebApp:189 - Connection lost
2024-09-29 21:18:59,163 [INFO] WebApp:186 - Connection restablished
2024-09-29 21:19:12,855 [INFO] WebApp:189 - Connection lost
2024-09-29 21:19:13,226 [INFO] WebApp:186 - Connection restablished
2024-09-29 21:21:18,379 [INFO] WebApp:189 - Connection lost
2024-09-29 21:21:19,097 [INFO] WebApp:186 - Connection restablished
2024-09-29 21:24:22,358 [INFO] WebApp:189 - Connection lost
2024-09-29 21:24:22,778 [INFO] WebApp:186 - Connection restablished
